2022-01-26 11:22:27 0 [Note] InnoDB: Compressed tables use zlib 1.2.11
2022-01-26 11:22:27 0 [Note] InnoDB: Using transactional memory
2022-01-26 11:22:27 0 [Note] InnoDB: Number of pools: 1
2022-01-26 11:22:27 0 [Note] InnoDB: Using crc32 + pclmulqdq instructions
2022-01-26 11:22:27 0 [Note] InnoDB: Initializing buffer pool, total size = 4294967296, chunk size = 134217728
2022-01-26 11:22:27 0 [Note] InnoDB: Completed initialization of buffer pool
2022-01-26 11:22:27 0 [Note] InnoDB: 128 rollback segments are active.
2022-01-26 11:22:27 0 [Note] InnoDB: Creating shared tablespace for temporary tables
2022-01-26 11:22:27 0 [Note] InnoDB: Setting file './ibtmp1' size to 12 MB. Physically writing the file full; Please wait ...
2022-01-26 11:22:27 0 [Note] InnoDB: File './ibtmp1' size is now 12 MB.
2022-01-26 11:22:27 0 [Note] InnoDB: 10.6.5 started; log sequence number 42161; transaction id 14
2022-01-26 11:22:27 0 [Note] Plugin 'FEEDBACK' is disabled.
2022-01-26 11:22:27 0 [Note] InnoDB: Loading buffer pool(s) from C:\MariaDB 10.6\data\ib_buffer_pool
2022-01-26 11:22:27 0 [Note] Server socket created on IP: '::'.
2022-01-26 11:22:27 0 [Note] Server socket created on IP: '0.0.0.0'.
2022-01-26 11:22:27 0 [Note] InnoDB: Buffer pool(s) load completed at 220126 11:22:27
2022-01-26 11:22:27 0 [Note] C:\MariaDB 10.6\bin\mysqld.exe: ready for connections.
Version: '10.6.5-MariaDB'  socket: ''  port: 3306  mariadb.org binary distribution
2022-01-26 11:27:38 4 [Warning] Access denied for user 'root'@'localhost' (using password: NO)
2022-01-26 12:04:07 5 [Warning] Aborted connection 5 to db: 'unconnected' user: 'root' host: 'localhost' (Got an error reading communication packets)
2022-01-26 12:04:07 6 [Warning] Aborted connection 6 to db: 'unconnected' user: 'root' host: 'localhost' (Got an error reading communication packets)
2022-01-26 16:33:11 41 [Warning] Access denied for user 'sa'@'localhost' (using password: YES)
2022-01-26 16:33:59 44 [Warning] Access denied for user 'root'@'localhost' (using password: NO)
2022-01-26 17:47:27 45 [Note] InnoDB: Foreign Key referenced table hrinsight/category not found for foreign table hrinsight/category_item
2022-01-26 17:47:27 45 [Note] InnoDB: Foreign Key referenced table hrinsight/category not found for foreign table hrinsight/category_item
2022-01-26 17:58:01 181 [Warning] Aborted connection 181 to db: 'unconnected' user: 'root' host: 'localhost' (Got an error reading communication packets)
2022-01-26 17:58:01 180 [Warning] Aborted connection 180 to db: 'unconnected' user: 'root' host: 'localhost' (Got an error reading communication packets)
2022-01-26 18:03:25 182 [Warning] Aborted connection 182 to db: 'unconnected' user: 'root' host: 'localhost' (Got an error reading communication packets)
2022-01-26 18:03:25 183 [Warning] Aborted connection 183 to db: 'unconnected' user: 'root' host: 'localhost' (Got an error reading communication packets)
2022-01-26 20:43:59 216 [Warning] Aborted connection 216 to db: 'unconnected' user: 'root' host: 'localhost' (Got an error reading communication packets)
2022-01-26 20:43:59 217 [Warning] Aborted connection 217 to db: 'unconnected' user: 'root' host: 'localhost' (Got an error reading communication packets)
2022-01-26 20:44:44 218 [Warning] Aborted connection 218 to db: 'unconnected' user: 'root' host: 'localhost' (Got an error reading communication packets)
2022-01-26 20:44:44 219 [Warning] Aborted connection 219 to db: 'unconnected' user: 'root' host: 'localhost' (Got an error reading communication packets)
2022-01-26 20:47:00 220 [Warning] Aborted connection 220 to db: 'unconnected' user: 'root' host: 'localhost' (Got an error reading communication packets)
2022-01-26 20:47:00 221 [Warning] Aborted connection 221 to db: 'unconnected' user: 'root' host: 'localhost' (Got an error reading communication packets)
2022-01-26 21:15:48 234 [Warning] Aborted connection 234 to db: 'unconnected' user: 'root' host: 'localhost' (Got an error reading communication packets)
2022-01-26 21:15:48 235 [Warning] Aborted connection 235 to db: 'unconnected' user: 'root' host: 'localhost' (Got an error reading communication packets)
2022-01-26 21:17:07 236 [Warning] Aborted connection 236 to db: 'unconnected' user: 'root' host: 'localhost' (Got an error reading communication packets)
2022-01-26 21:17:07 237 [Warning] Aborted connection 237 to db: 'unconnected' user: 'root' host: 'localhost' (Got an error reading communication packets)
2022-01-26 21:44:46 242 [Warning] Aborted connection 242 to db: 'unconnected' user: 'root' host: 'localhost' (Got an error reading communication packets)
2022-01-26 21:44:46 243 [Warning] Aborted connection 243 to db: 'unconnected' user: 'root' host: 'localhost' (Got an error reading communication packets)
2022-01-26 21:57:33 250 [Warning] Aborted connection 250 to db: 'unconnected' user: 'root' host: 'localhost' (Got an error reading communication packets)
2022-01-26 21:57:33 251 [Warning] Aborted connection 251 to db: 'unconnected' user: 'root' host: 'localhost' (Got an error reading communication packets)
2022-01-26 22:09:48 254 [Warning] Aborted connection 254 to db: 'unconnected' user: 'root' host: 'localhost' (Got an error reading communication packets)
2022-01-26 22:09:48 255 [Warning] Aborted connection 255 to db: 'unconnected' user: 'root' host: 'localhost' (Got an error reading communication packets)
2022-01-26 22:44:01 262 [Warning] Aborted connection 262 to db: 'unconnected' user: 'root' host: 'localhost' (Got an error reading communication packets)
2022-01-26 22:44:01 263 [Warning] Aborted connection 263 to db: 'unconnected' user: 'root' host: 'localhost' (Got an error reading communication packets)
2022-01-26 22:46:31 264 [Warning] Aborted connection 264 to db: 'unconnected' user: 'root' host: 'localhost' (Got an error reading communication packets)
2022-01-26 22:46:31 265 [Warning] Aborted connection 265 to db: 'unconnected' user: 'root' host: 'localhost' (Got an error reading communication packets)
2022-01-26 23:04:29 269 [Warning] Aborted connection 269 to db: 'unconnected' user: 'root' host: 'localhost' (Got an error reading communication packets)
2022-01-26 23:04:29 268 [Warning] Aborted connection 268 to db: 'unconnected' user: 'root' host: 'localhost' (Got an error reading communication packets)
2022-01-26 23:05:32 270 [Warning] Aborted connection 270 to db: 'unconnected' user: 'root' host: 'localhost' (Got an error reading communication packets)
2022-01-26 23:05:32 271 [Warning] Aborted connection 271 to db: 'unconnected' user: 'root' host: 'localhost' (Got an error reading communication packets)
2022-01-26 23:15:27 275 [Warning] Aborted connection 275 to db: 'unconnected' user: 'root' host: 'localhost' (Got an error reading communication packets)
2022-01-26 23:15:27 274 [Warning] Aborted connection 274 to db: 'unconnected' user: 'root' host: 'localhost' (Got an error reading communication packets)
2022-01-26 23:20:21 276 [Warning] Aborted connection 276 to db: 'unconnected' user: 'root' host: 'localhost' (Got an error reading communication packets)
2022-01-26 23:20:21 277 [Warning] Aborted connection 277 to db: 'unconnected' user: 'root' host: 'localhost' (Got an error reading communication packets)
2022-01-26 23:22:14 278 [Warning] Aborted connection 278 to db: 'unconnected' user: 'root' host: 'localhost' (Got an error reading communication packets)
2022-01-26 23:22:14 279 [Warning] Aborted connection 279 to db: 'unconnected' user: 'root' host: 'localhost' (Got an error reading communication packets)
2022-01-27  9:31:11 404 [Warning] Aborted connection 404 to db: 'unconnected' user: 'root' host: 'localhost' (Got an error reading communication packets)
2022-01-27  9:31:11 405 [Warning] Aborted connection 405 to db: 'unconnected' user: 'root' host: 'localhost' (Got an error reading communication packets)
2022-01-27 15:20:24 468 [Warning] Aborted connection 468 to db: 'unconnected' user: 'root' host: 'localhost' (Got an error reading communication packets)
2022-01-27 15:20:24 469 [Warning] Aborted connection 469 to db: 'unconnected' user: 'root' host: 'localhost' (Got an error reading communication packets)
2022-01-27 15:21:33 470 [Warning] Aborted connection 470 to db: 'unconnected' user: 'root' host: 'localhost' (Got an error reading communication packets)
2022-01-27 15:21:33 471 [Warning] Aborted connection 471 to db: 'unconnected' user: 'root' host: 'localhost' (Got an error reading communication packets)
2022-01-27 15:23:14 473 [Warning] Aborted connection 473 to db: 'unconnected' user: 'root' host: 'localhost' (Got an error reading communication packets)
2022-01-27 15:23:14 472 [Warning] Aborted connection 472 to db: 'unconnected' user: 'root' host: 'localhost' (Got an error reading communication packets)
2022-01-27 15:24:27 475 [Warning] Aborted connection 475 to db: 'unconnected' user: 'root' host: 'localhost' (Got an error reading communication packets)
2022-01-27 15:24:27 474 [Warning] Aborted connection 474 to db: 'unconnected' user: 'root' host: 'localhost' (Got an error reading communication packets)
2022-01-27 15:25:22 476 [Warning] Aborted connection 476 to db: 'unconnected' user: 'root' host: 'localhost' (Got an error reading communication packets)
2022-01-27 15:25:22 477 [Warning] Aborted connection 477 to db: 'unconnected' user: 'root' host: 'localhost' (Got an error reading communication packets)
2022-01-27 15:38:27 480 [Warning] Aborted connection 480 to db: 'unconnected' user: 'root' host: 'localhost' (Got an error reading communication packets)
2022-01-27 15:38:27 481 [Warning] Aborted connection 481 to db: 'unconnected' user: 'root' host: 'localhost' (Got an error reading communication packets)
2022-01-27 15:40:07 482 [Warning] Aborted connection 482 to db: 'unconnected' user: 'root' host: 'localhost' (Got an error reading communication packets)
2022-01-27 15:40:07 483 [Warning] Aborted connection 483 to db: 'unconnected' user: 'root' host: 'localhost' (Got an error reading communication packets)
2022-01-27 17:07:01 487 [Warning] Aborted connection 487 to db: 'unconnected' user: 'root' host: 'localhost' (Got an error reading communication packets)
2022-01-27 17:07:01 486 [Warning] Aborted connection 486 to db: 'unconnected' user: 'root' host: 'localhost' (Got an error reading communication packets)
2022-01-27 17:07:32 488 [Warning] Aborted connection 488 to db: 'unconnected' user: 'root' host: 'localhost' (Got an error reading communication packets)
2022-01-27 17:07:32 489 [Warning] Aborted connection 489 to db: 'unconnected' user: 'root' host: 'localhost' (Got an error reading communication packets)
2022-01-27 17:08:27 490 [Warning] Aborted connection 490 to db: 'unconnected' user: 'root' host: 'localhost' (Got an error reading communication packets)
2022-01-27 17:08:27 491 [Warning] Aborted connection 491 to db: 'unconnected' user: 'root' host: 'localhost' (Got an error reading communication packets)
2022-01-27 17:09:52 492 [Warning] Aborted connection 492 to db: 'unconnected' user: 'root' host: 'localhost' (Got an error reading communication packets)
2022-01-27 17:09:52 493 [Warning] Aborted connection 493 to db: 'unconnected' user: 'root' host: 'localhost' (Got an error reading communication packets)
2022-01-27 17:10:31 494 [Warning] Aborted connection 494 to db: 'unconnected' user: 'root' host: 'localhost' (Got an error reading communication packets)
2022-01-27 17:10:31 495 [Warning] Aborted connection 495 to db: 'unconnected' user: 'root' host: 'localhost' (Got an error reading communication packets)
2022-01-27 17:16:16 496 [Warning] Aborted connection 496 to db: 'unconnected' user: 'root' host: 'localhost' (Got an error reading communication packets)
2022-01-27 17:16:16 497 [Warning] Aborted connection 497 to db: 'unconnected' user: 'root' host: 'localhost' (Got an error reading communication packets)
2022-01-27 17:19:00 498 [Warning] Aborted connection 498 to db: 'unconnected' user: 'root' host: 'localhost' (Got an error reading communication packets)
2022-01-27 17:19:00 499 [Warning] Aborted connection 499 to db: 'unconnected' user: 'root' host: 'localhost' (Got an error reading communication packets)
2022-01-27 17:43:08 510 [Warning] Aborted connection 510 to db: 'unconnected' user: 'root' host: 'localhost' (Got an error reading communication packets)
2022-01-27 17:43:08 511 [Warning] Aborted connection 511 to db: 'unconnected' user: 'root' host: 'localhost' (Got an error reading communication packets)
2022-01-27 17:44:24 512 [Warning] Aborted connection 512 to db: 'unconnected' user: 'root' host: 'localhost' (Got an error reading communication packets)
2022-01-27 17:44:24 513 [Warning] Aborted connection 513 to db: 'unconnected' user: 'root' host: 'localhost' (Got an error reading communication packets)
2022-01-27 18:00:37 518 [Warning] Aborted connection 518 to db: 'unconnected' user: 'root' host: 'localhost' (Got an error reading communication packets)
2022-01-27 18:00:37 519 [Warning] Aborted connection 519 to db: 'unconnected' user: 'root' host: 'localhost' (Got an error reading communication packets)
2022-01-27 18:56:35 556 [Warning] Aborted connection 556 to db: 'unconnected' user: 'root' host: 'localhost' (Got an error reading communication packets)
2022-01-27 18:56:35 557 [Warning] Aborted connection 557 to db: 'unconnected' user: 'root' host: 'localhost' (Got an error reading communication packets)
2022-01-27 18:59:53 558 [Warning] Aborted connection 558 to db: 'unconnected' user: 'root' host: 'localhost' (Got an error reading communication packets)
2022-01-27 18:59:53 559 [Warning] Aborted connection 559 to db: 'unconnected' user: 'root' host: 'localhost' (Got an error reading communication packets)
2022-01-27 19:00:10 560 [Warning] Aborted connection 560 to db: 'unconnected' user: 'root' host: 'localhost' (Got an error reading communication packets)
2022-01-27 19:00:10 561 [Warning] Aborted connection 561 to db: 'unconnected' user: 'root' host: 'localhost' (Got an error reading communication packets)
2022-01-27 19:01:37 565 [Warning] Aborted connection 565 to db: 'unconnected' user: 'root' host: 'localhost' (Got an error reading communication packets)
2022-01-27 19:01:37 564 [Warning] Aborted connection 564 to db: 'unconnected' user: 'root' host: 'localhost' (Got an error reading communication packets)
2022-01-27 19:07:53 590 [Warning] Aborted connection 590 to db: 'unconnected' user: 'root' host: 'localhost' (Got an error reading communication packets)
2022-01-27 19:07:53 591 [Warning] Aborted connection 591 to db: 'unconnected' user: 'root' host: 'localhost' (Got an error reading communication packets)
2022-01-27 19:40:01 598 [Warning] Aborted connection 598 to db: 'unconnected' user: 'root' host: 'localhost' (Got an error reading communication packets)
2022-01-27 19:40:01 599 [Warning] Aborted connection 599 to db: 'unconnected' user: 'root' host: 'localhost' (Got an error reading communication packets)
2022-01-27 19:46:19 606 [Warning] Aborted connection 606 to db: 'unconnected' user: 'root' host: 'localhost' (Got an error reading communication packets)
2022-01-27 19:46:19 607 [Warning] Aborted connection 607 to db: 'unconnected' user: 'root' host: 'localhost' (Got an error reading communication packets)
2022-01-27 21:36:02 648 [Warning] Aborted connection 648 to db: 'unconnected' user: 'root' host: 'localhost' (Got an error reading communication packets)
2022-01-27 21:36:02 649 [Warning] Aborted connection 649 to db: 'unconnected' user: 'root' host: 'localhost' (Got an error reading communication packets)
2022-01-28  7:49:05 775 [Warning] Aborted connection 775 to db: 'unconnected' user: 'root' host: 'localhost' (Got an error reading communication packets)
2022-01-28  7:49:05 774 [Warning] Aborted connection 774 to db: 'unconnected' user: 'root' host: 'localhost' (Got an error reading communication packets)
2022-01-28  7:49:24 0 [Note] Windows service "MariaDB":  received SERVICE_CONTROL_SHUTDOWN
2022-01-28  7:49:24 0 [Note] C:\MariaDB 10.6\bin\mysqld.exe (initiated by: unknown): Normal shutdown
2022-01-28  7:49:24 0 [Note] InnoDB: FTS optimize thread exiting.
2022-01-28  7:49:25 0 [Note] InnoDB: Starting shutdown...
2022-01-28  7:49:25 0 [Note] InnoDB: Dumping buffer pool(s) to C:\MariaDB 10.6\data\ib_buffer_pool
2022-01-28  7:49:25 0 [Note] InnoDB: Buffer pool(s) dump completed at 220128  7:49:25
2022-01-28  7:49:25 0 [Note] InnoDB: Removed temporary tablespace data file: "./ibtmp1"
2022-01-28  7:49:25 0 [Note] InnoDB: Shutdown completed; log sequence number 529097; transaction id 712
2022-01-28  7:49:25 0 [Note] C:\MariaDB 10.6\bin\mysqld.exe: Shutdown complete

2022-01-28  7:49:58 0 [Note] InnoDB: Compressed tables use zlib 1.2.11
2022-01-28  7:49:58 0 [Note] InnoDB: Using transactional memory
2022-01-28  7:49:58 0 [Note] InnoDB: Number of pools: 1
2022-01-28  7:49:58 0 [Note] InnoDB: Using crc32 + pclmulqdq instructions
2022-01-28  7:49:58 0 [Note] InnoDB: Initializing buffer pool, total size = 4294967296, chunk size = 134217728
2022-01-28  7:49:58 0 [Note] InnoDB: Completed initialization of buffer pool
2022-01-28  7:49:58 0 [Note] InnoDB: 128 rollback segments are active.
2022-01-28  7:49:58 0 [Note] InnoDB: Creating shared tablespace for temporary tables
2022-01-28  7:49:58 0 [Note] InnoDB: Setting file './ibtmp1' size to 12 MB. Physically writing the file full; Please wait ...
2022-01-28  7:49:58 0 [Note] InnoDB: File './ibtmp1' size is now 12 MB.
2022-01-28  7:49:58 0 [Note] InnoDB: 10.6.5 started; log sequence number 529097; transaction id 713
2022-01-28  7:49:58 0 [Note] InnoDB: Loading buffer pool(s) from C:\MariaDB 10.6\data\ib_buffer_pool
2022-01-28  7:49:58 0 [Note] Plugin 'FEEDBACK' is disabled.
2022-01-28  7:49:58 0 [Note] InnoDB: Buffer pool(s) load completed at 220128  7:49:58
2022-01-28  7:49:58 0 [Note] Server socket created on IP: '::'.
2022-01-28  7:49:58 0 [Note] Server socket created on IP: '0.0.0.0'.
2022-01-28  7:49:58 0 [Note] C:\MariaDB 10.6\bin\mysqld.exe: ready for connections.
Version: '10.6.5-MariaDB'  socket: ''  port: 3306  mariadb.org binary distribution
2022-01-28  9:04:55 9 [Warning] Aborted connection 9 to db: 'unconnected' user: 'root' host: 'localhost' (Got an error reading communication packets)
2022-01-28  9:04:55 10 [Warning] Aborted connection 10 to db: 'unconnected' user: 'root' host: 'localhost' (Got an error reading communication packets)
2022-01-28  9:19:43 13 [Warning] Aborted connection 13 to db: 'unconnected' user: 'root' host: 'localhost' (Got an error reading communication packets)
2022-01-28  9:19:43 14 [Warning] Aborted connection 14 to db: 'unconnected' user: 'root' host: 'localhost' (Got an error reading communication packets)
2022-01-28  9:32:06 18 [Warning] Aborted connection 18 to db: 'unconnected' user: 'root' host: 'localhost' (Got an error reading communication packets)
2022-01-28  9:32:06 17 [Warning] Aborted connection 17 to db: 'unconnected' user: 'root' host: 'localhost' (Got an error reading communication packets)
2022-01-28 11:45:36 33 [Warning] Aborted connection 33 to db: 'unconnected' user: 'root' host: 'localhost' (Got an error reading communication packets)
2022-01-28 11:45:36 34 [Warning] Aborted connection 34 to db: 'unconnected' user: 'root' host: 'localhost' (Got an error reading communication packets)
2022-01-28 11:45:36 32 [Warning] Aborted connection 32 to db: 'unconnected' user: 'root' host: 'localhost' (Got an error reading communication packets)
2022-01-28 11:50:24 35 [Warning] Aborted connection 35 to db: 'unconnected' user: 'root' host: 'localhost' (Got an error reading communication packets)
2022-01-28 11:50:24 37 [Warning] Aborted connection 37 to db: 'unconnected' user: 'root' host: 'localhost' (Got an error reading communication packets)
2022-01-28 11:50:24 36 [Warning] Aborted connection 36 to db: 'unconnected' user: 'root' host: 'localhost' (Got an error reading communication packets)
2022-01-29 17:13:08 411 [Warning] Aborted connection 411 to db: 'unconnected' user: 'root' host: 'localhost' (Got an error reading communication packets)
2022-01-29 17:13:08 412 [Warning] Aborted connection 412 to db: 'unconnected' user: 'root' host: 'localhost' (Got an error reading communication packets)
2022-01-29 17:13:08 340 [Warning] Aborted connection 340 to db: 'unconnected' user: 'root' host: 'localhost' (Got an error reading communication packets)
2022-01-30  2:53:21 0 [Note] Windows service "MariaDB":  received SERVICE_CONTROL_SHUTDOWN
2022-01-30  2:53:21 0 [Note] C:\MariaDB 10.6\bin\mysqld.exe (initiated by: unknown): Normal shutdown
2022-01-30  2:53:21 0 [Note] InnoDB: FTS optimize thread exiting.
2022-01-30  2:53:21 0 [Note] InnoDB: Starting shutdown...
2022-01-30  2:53:21 0 [Note] InnoDB: Dumping buffer pool(s) to C:\MariaDB 10.6\data\ib_buffer_pool
2022-01-30  2:53:21 0 [Note] InnoDB: Buffer pool(s) dump completed at 220130  2:53:21
2022-01-30  2:53:21 0 [Note] InnoDB: Removed temporary tablespace data file: "./ibtmp1"
2022-01-30  2:53:21 0 [Note] InnoDB: Shutdown completed; log sequence number 536370; transaction id 735
2022-01-30  2:53:21 0 [Note] C:\MariaDB 10.6\bin\mysqld.exe: Shutdown complete

2022-01-30  2:53:54 0 [Note] InnoDB: Compressed tables use zlib 1.2.11
2022-01-30  2:53:54 0 [Note] InnoDB: Using transactional memory
2022-01-30  2:53:54 0 [Note] InnoDB: Number of pools: 1
2022-01-30  2:53:54 0 [Note] InnoDB: Using crc32 + pclmulqdq instructions
2022-01-30  2:53:54 0 [Note] InnoDB: Initializing buffer pool, total size = 4294967296, chunk size = 134217728
2022-01-30  2:53:54 0 [Note] InnoDB: Completed initialization of buffer pool
2022-01-30  2:53:54 0 [Note] InnoDB: 128 rollback segments are active.
2022-01-30  2:53:54 0 [Note] InnoDB: Creating shared tablespace for temporary tables
2022-01-30  2:53:54 0 [Note] InnoDB: Setting file './ibtmp1' size to 12 MB. Physically writing the file full; Please wait ...
2022-01-30  2:53:54 0 [Note] InnoDB: File './ibtmp1' size is now 12 MB.
2022-01-30  2:53:54 0 [Note] InnoDB: 10.6.5 started; log sequence number 536370; transaction id 736
2022-01-30  2:53:54 0 [Note] InnoDB: Loading buffer pool(s) from C:\MariaDB 10.6\data\ib_buffer_pool
2022-01-30  2:53:54 0 [Note] Plugin 'FEEDBACK' is disabled.
2022-01-30  2:53:54 0 [Note] InnoDB: Buffer pool(s) load completed at 220130  2:53:54
2022-01-30  2:53:54 0 [Note] Server socket created on IP: '::'.
2022-01-30  2:53:54 0 [Note] Server socket created on IP: '0.0.0.0'.
2022-01-30  2:53:54 0 [Note] C:\MariaDB 10.6\bin\mysqld.exe: ready for connections.
Version: '10.6.5-MariaDB'  socket: ''  port: 3306  mariadb.org binary distribution
2022-02-04 13:49:11 3 [Warning] Access denied for user 'root'@'localhost' (using password: NO)
2022-02-04 13:49:20 4 [Warning] Access denied for user 'root'@'localhost' (using password: YES)
2022-02-07 17:09:26 127 [Warning] Access denied for user 'root'@'localhost' (using password: NO)
2022-02-07 21:22:59 349 [Warning] Aborted connection 349 to db: 'unconnected' user: 'root' host: 'localhost' (Got an error reading communication packets)
2022-02-07 21:22:59 348 [Warning] Aborted connection 348 to db: 'hrinsight' user: 'root' host: 'localhost' (Got an error reading communication packets)
2022-02-07 23:06:09 466 [Warning] Aborted connection 466 to db: 'unconnected' user: 'root' host: 'localhost' (Got an error reading communication packets)
2022-02-07 23:06:09 465 [Warning] Aborted connection 465 to db: 'hrinsight' user: 'root' host: 'localhost' (Got an error reading communication packets)
2022-02-08  5:24:12 361 [Warning] Aborted connection 361 to db: 'hrinsight' user: 'root' host: 'localhost' (Got timeout reading communication packets)
2022-02-09  1:27:38 678 [Warning] Aborted connection 678 to db: 'hrinsight' user: 'root' host: 'localhost' (Got timeout reading communication packets)
2022-02-10 19:44:59 842 [Warning] Aborted connection 842 to db: 'hrinsight' user: 'root' host: 'localhost' (Got timeout reading communication packets)
2022-02-10 20:40:26 1087 [Warning] Aborted connection 1087 to db: 'unconnected' user: 'root' host: 'localhost' (Got an error reading communication packets)
2022-02-10 20:40:26 1086 [Warning] Aborted connection 1086 to db: 'unconnected' user: 'root' host: 'localhost' (Got an error reading communication packets)
2022-02-10 20:40:32 0 [Note] Windows service "MariaDB":  received SERVICE_CONTROL_SHUTDOWN
2022-02-10 20:40:32 0 [Note] C:\MariaDB 10.6\bin\mysqld.exe (initiated by: unknown): Normal shutdown
2022-02-10 20:40:32 0 [Note] InnoDB: FTS optimize thread exiting.
2022-02-10 20:40:32 0 [Note] InnoDB: Starting shutdown...
2022-02-10 20:40:32 0 [Note] InnoDB: Dumping buffer pool(s) to C:\MariaDB 10.6\data\ib_buffer_pool
2022-02-10 20:40:32 0 [Note] InnoDB: Buffer pool(s) dump completed at 220210 20:40:32
2022-02-10 20:40:33 0 [Note] InnoDB: Removed temporary tablespace data file: "./ibtmp1"
2022-02-10 20:40:33 0 [Note] InnoDB: Shutdown completed; log sequence number 3018229; transaction id 5009
2022-02-10 20:40:33 0 [Note] C:\MariaDB 10.6\bin\mysqld.exe: Shutdown complete

2022-02-10 20:41:08 0 [Note] InnoDB: Compressed tables use zlib 1.2.11
2022-02-10 20:41:08 0 [Note] InnoDB: Using transactional memory
2022-02-10 20:41:08 0 [Note] InnoDB: Number of pools: 1
2022-02-10 20:41:08 0 [Note] InnoDB: Using crc32 + pclmulqdq instructions
2022-02-10 20:41:08 0 [Note] InnoDB: Initializing buffer pool, total size = 4294967296, chunk size = 134217728
2022-02-10 20:41:08 0 [Note] InnoDB: Completed initialization of buffer pool
2022-02-10 20:41:08 0 [Note] InnoDB: 128 rollback segments are active.
2022-02-10 20:41:08 0 [Note] InnoDB: Creating shared tablespace for temporary tables
2022-02-10 20:41:08 0 [Note] InnoDB: Setting file './ibtmp1' size to 12 MB. Physically writing the file full; Please wait ...
2022-02-10 20:41:08 0 [Note] InnoDB: File './ibtmp1' size is now 12 MB.
2022-02-10 20:41:08 0 [Note] InnoDB: 10.6.5 started; log sequence number 3018229; transaction id 5010
2022-02-10 20:41:08 0 [Note] Plugin 'FEEDBACK' is disabled.
2022-02-10 20:41:08 0 [Note] InnoDB: Loading buffer pool(s) from C:\MariaDB 10.6\data\ib_buffer_pool
2022-02-10 20:41:08 0 [Note] InnoDB: Buffer pool(s) load completed at 220210 20:41:08
2022-02-10 20:41:08 0 [Note] Server socket created on IP: '::'.
2022-02-10 20:41:08 0 [Note] Server socket created on IP: '0.0.0.0'.
2022-02-10 20:41:08 0 [Note] C:\MariaDB 10.6\bin\mysqld.exe: ready for connections.
Version: '10.6.5-MariaDB'  socket: ''  port: 3306  mariadb.org binary distribution
2022-02-11 10:28:39 0 [Note] Windows service "MariaDB":  received SERVICE_CONTROL_SHUTDOWN
2022-02-11 10:28:39 0 [Note] C:\MariaDB 10.6\bin\mysqld.exe (initiated by: unknown): Normal shutdown
2022-02-11 10:28:39 0 [Note] InnoDB: FTS optimize thread exiting.
2022-02-11 10:28:39 0 [Note] InnoDB: Starting shutdown...
2022-02-11 10:28:39 0 [Note] InnoDB: Dumping buffer pool(s) to C:\MariaDB 10.6\data\ib_buffer_pool
2022-02-11 10:28:39 0 [Note] InnoDB: Buffer pool(s) dump completed at 220211 10:28:39
2022-02-11 10:28:39 0 [Note] InnoDB: Removed temporary tablespace data file: "./ibtmp1"
2022-02-11 10:28:39 0 [Note] InnoDB: Shutdown completed; log sequence number 3018269; transaction id 5012
2022-02-11 10:28:39 0 [Note] C:\MariaDB 10.6\bin\mysqld.exe: Shutdown complete

2022-02-11 10:29:10 0 [Note] InnoDB: Compressed tables use zlib 1.2.11
2022-02-11 10:29:10 0 [Note] InnoDB: Using transactional memory
2022-02-11 10:29:10 0 [Note] InnoDB: Number of pools: 1
2022-02-11 10:29:10 0 [Note] InnoDB: Using crc32 + pclmulqdq instructions
2022-02-11 10:29:10 0 [Note] InnoDB: Initializing buffer pool, total size = 4294967296, chunk size = 134217728
2022-02-11 10:29:10 0 [Note] InnoDB: Completed initialization of buffer pool
2022-02-11 10:29:10 0 [Note] InnoDB: 128 rollback segments are active.
2022-02-11 10:29:10 0 [Note] InnoDB: Creating shared tablespace for temporary tables
2022-02-11 10:29:10 0 [Note] InnoDB: Setting file './ibtmp1' size to 12 MB. Physically writing the file full; Please wait ...
2022-02-11 10:29:10 0 [Note] InnoDB: File './ibtmp1' size is now 12 MB.
2022-02-11 10:29:10 0 [Note] InnoDB: 10.6.5 started; log sequence number 3018269; transaction id 5010
2022-02-11 10:29:10 0 [Note] InnoDB: Loading buffer pool(s) from C:\MariaDB 10.6\data\ib_buffer_pool
2022-02-11 10:29:10 0 [Note] Plugin 'FEEDBACK' is disabled.
2022-02-11 10:29:10 0 [Note] InnoDB: Buffer pool(s) load completed at 220211 10:29:10
2022-02-11 10:29:10 0 [Note] Server socket created on IP: '::'.
2022-02-11 10:29:10 0 [Note] Server socket created on IP: '0.0.0.0'.
2022-02-11 10:29:10 0 [Note] C:\MariaDB 10.6\bin\mysqld.exe: ready for connections.
Version: '10.6.5-MariaDB'  socket: ''  port: 3306  mariadb.org binary distribution
2022-02-11 14:01:32 33 [Warning] Aborted connection 33 to db: 'unconnected' user: 'root' host: 'localhost' (Got an error reading communication packets)
2022-02-11 14:01:32 34 [Warning] Aborted connection 34 to db: 'unconnected' user: 'root' host: 'localhost' (Got an error reading communication packets)
2022-02-11 14:06:14 0 [Note] Windows service "MariaDB":  received SERVICE_CONTROL_SHUTDOWN
2022-02-11 14:06:14 0 [Note] C:\MariaDB 10.6\bin\mysqld.exe (initiated by: unknown): Normal shutdown
2022-02-11 14:06:14 0 [Note] InnoDB: FTS optimize thread exiting.
2022-02-11 14:06:14 0 [Note] InnoDB: Starting shutdown...
2022-02-11 14:06:14 0 [Note] InnoDB: Dumping buffer pool(s) to C:\MariaDB 10.6\data\ib_buffer_pool
2022-02-11 14:06:14 0 [Note] InnoDB: Buffer pool(s) dump completed at 220211 14:06:14
2022-02-11 14:06:14 0 [Note] InnoDB: Removed temporary tablespace data file: "./ibtmp1"
2022-02-11 14:06:14 0 [Note] InnoDB: Shutdown completed; log sequence number 3018281; transaction id 5013
2022-02-11 14:06:14 0 [Note] C:\MariaDB 10.6\bin\mysqld.exe: Shutdown complete

2022-02-11 14:06:47 0 [Note] InnoDB: Compressed tables use zlib 1.2.11
2022-02-11 14:06:47 0 [Note] InnoDB: Using transactional memory
2022-02-11 14:06:47 0 [Note] InnoDB: Number of pools: 1
2022-02-11 14:06:47 0 [Note] InnoDB: Using crc32 + pclmulqdq instructions
2022-02-11 14:06:47 0 [Note] InnoDB: Initializing buffer pool, total size = 4294967296, chunk size = 134217728
2022-02-11 14:06:47 0 [Note] InnoDB: Completed initialization of buffer pool
2022-02-11 14:06:48 0 [Note] InnoDB: 128 rollback segments are active.
2022-02-11 14:06:48 0 [Note] InnoDB: Creating shared tablespace for temporary tables
2022-02-11 14:06:48 0 [Note] InnoDB: Setting file './ibtmp1' size to 12 MB. Physically writing the file full; Please wait ...
2022-02-11 14:06:48 0 [Note] InnoDB: File './ibtmp1' size is now 12 MB.
2022-02-11 14:06:48 0 [Note] InnoDB: 10.6.5 started; log sequence number 3018281; transaction id 5010
2022-02-11 14:06:48 0 [Note] InnoDB: Loading buffer pool(s) from C:\MariaDB 10.6\data\ib_buffer_pool
2022-02-11 14:06:48 0 [Note] Plugin 'FEEDBACK' is disabled.
2022-02-11 14:06:48 0 [Note] InnoDB: Buffer pool(s) load completed at 220211 14:06:48
2022-02-11 14:06:48 0 [Note] Server socket created on IP: '::'.
2022-02-11 14:06:48 0 [Note] Server socket created on IP: '0.0.0.0'.
2022-02-11 14:06:48 0 [Note] C:\MariaDB 10.6\bin\mysqld.exe: ready for connections.
Version: '10.6.5-MariaDB'  socket: ''  port: 3306  mariadb.org binary distribution
2022-02-12  0:03:35 0 [Note] Windows service "MariaDB":  received SERVICE_CONTROL_SHUTDOWN
2022-02-12  0:03:35 0 [Note] C:\MariaDB 10.6\bin\mysqld.exe (initiated by: unknown): Normal shutdown
2022-02-12  0:03:35 0 [Note] InnoDB: FTS optimize thread exiting.
2022-02-12  0:03:35 0 [Note] InnoDB: Starting shutdown...
2022-02-12  0:03:35 0 [Note] InnoDB: Dumping buffer pool(s) to C:\MariaDB 10.6\data\ib_buffer_pool
2022-02-12  0:03:35 0 [Note] InnoDB: Buffer pool(s) dump completed at 220212  0:03:35
2022-02-12  0:03:35 0 [Note] InnoDB: Removed temporary tablespace data file: "./ibtmp1"
2022-02-12  0:03:35 0 [Note] InnoDB: Shutdown completed; log sequence number 3018293; transaction id 5011
2022-02-12  0:03:35 0 [Note] C:\MariaDB 10.6\bin\mysqld.exe: Shutdown complete

2022-02-12  0:04:06 0 [Note] InnoDB: Compressed tables use zlib 1.2.11
2022-02-12  0:04:06 0 [Note] InnoDB: Using transactional memory
2022-02-12  0:04:06 0 [Note] InnoDB: Number of pools: 1
2022-02-12  0:04:06 0 [Note] InnoDB: Using crc32 + pclmulqdq instructions
2022-02-12  0:04:06 0 [Note] InnoDB: Initializing buffer pool, total size = 4294967296, chunk size = 134217728
2022-02-12  0:04:06 0 [Note] InnoDB: Completed initialization of buffer pool
2022-02-12  0:04:06 0 [Note] InnoDB: 128 rollback segments are active.
2022-02-12  0:04:06 0 [Note] InnoDB: Creating shared tablespace for temporary tables
2022-02-12  0:04:06 0 [Note] InnoDB: Setting file './ibtmp1' size to 12 MB. Physically writing the file full; Please wait ...
2022-02-12  0:04:06 0 [Note] InnoDB: File './ibtmp1' size is now 12 MB.
2022-02-12  0:04:06 0 [Note] InnoDB: 10.6.5 started; log sequence number 3018293; transaction id 5010
2022-02-12  0:04:06 0 [Note] Plugin 'FEEDBACK' is disabled.
2022-02-12  0:04:06 0 [Note] InnoDB: Loading buffer pool(s) from C:\MariaDB 10.6\data\ib_buffer_pool
2022-02-12  0:04:06 0 [Note] Server socket created on IP: '::'.
2022-02-12  0:04:06 0 [Note] Server socket created on IP: '0.0.0.0'.
2022-02-12  0:04:06 0 [Note] InnoDB: Buffer pool(s) load completed at 220212  0:04:06
2022-02-12  0:04:06 0 [Note] C:\MariaDB 10.6\bin\mysqld.exe: ready for connections.
Version: '10.6.5-MariaDB'  socket: ''  port: 3306  mariadb.org binary distribution
2022-02-13 19:56:55 0 [Note] Windows service "MariaDB":  received SERVICE_CONTROL_SHUTDOWN
2022-02-13 19:56:55 0 [Note] C:\MariaDB 10.6\bin\mysqld.exe (initiated by: unknown): Normal shutdown
2022-02-13 19:56:55 0 [Note] InnoDB: FTS optimize thread exiting.
2022-02-13 19:56:55 0 [Note] InnoDB: Starting shutdown...
2022-02-13 19:56:55 0 [Note] InnoDB: Dumping buffer pool(s) to C:\MariaDB 10.6\data\ib_buffer_pool
2022-02-13 19:56:55 0 [Note] InnoDB: Buffer pool(s) dump completed at 220213 19:56:55
2022-02-13 19:56:55 0 [Note] InnoDB: Removed temporary tablespace data file: "./ibtmp1"
2022-02-13 19:56:55 0 [Note] InnoDB: Shutdown completed; log sequence number 3018305; transaction id 5011
2022-02-13 19:56:55 0 [Note] C:\MariaDB 10.6\bin\mysqld.exe: Shutdown complete

2022-02-13 19:57:27 0 [Note] InnoDB: Compressed tables use zlib 1.2.11
2022-02-13 19:57:27 0 [Note] InnoDB: Using transactional memory
2022-02-13 19:57:27 0 [Note] InnoDB: Number of pools: 1
2022-02-13 19:57:27 0 [Note] InnoDB: Using crc32 + pclmulqdq instructions
2022-02-13 19:57:27 0 [Note] InnoDB: Initializing buffer pool, total size = 4294967296, chunk size = 134217728
2022-02-13 19:57:27 0 [Note] InnoDB: Completed initialization of buffer pool
2022-02-13 19:57:27 0 [Note] InnoDB: 128 rollback segments are active.
2022-02-13 19:57:27 0 [Note] InnoDB: Creating shared tablespace for temporary tables
2022-02-13 19:57:27 0 [Note] InnoDB: Setting file './ibtmp1' size to 12 MB. Physically writing the file full; Please wait ...
2022-02-13 19:57:27 0 [Note] InnoDB: File './ibtmp1' size is now 12 MB.
2022-02-13 19:57:27 0 [Note] InnoDB: 10.6.5 started; log sequence number 3018305; transaction id 5010
2022-02-13 19:57:27 0 [Note] InnoDB: Loading buffer pool(s) from C:\MariaDB 10.6\data\ib_buffer_pool
2022-02-13 19:57:27 0 [Note] Plugin 'FEEDBACK' is disabled.
2022-02-13 19:57:27 0 [Note] InnoDB: Buffer pool(s) load completed at 220213 19:57:27
2022-02-13 19:57:27 0 [Note] Server socket created on IP: '::'.
2022-02-13 19:57:27 0 [Note] Server socket created on IP: '0.0.0.0'.
2022-02-13 19:57:27 0 [Note] C:\MariaDB 10.6\bin\mysqld.exe: ready for connections.
Version: '10.6.5-MariaDB'  socket: ''  port: 3306  mariadb.org binary distribution
2022-02-14 16:16:15 112 [Warning] Aborted connection 112 to db: 'hrinsight' user: 'root' host: 'localhost' (Got an error reading communication packets)
2022-02-14 16:16:15 49 [Warning] Aborted connection 49 to db: 'hrinsight' user: 'root' host: 'localhost' (Got an error reading communication packets)
2022-02-14 16:16:32 0 [Note] Windows service "MariaDB":  received SERVICE_CONTROL_SHUTDOWN
2022-02-14 16:16:32 0 [Note] C:\MariaDB 10.6\bin\mysqld.exe (initiated by: unknown): Normal shutdown
2022-02-14 16:16:32 0 [Note] InnoDB: FTS optimize thread exiting.
2022-02-14 16:16:32 0 [Note] InnoDB: Starting shutdown...
2022-02-14 16:16:32 0 [Note] InnoDB: Dumping buffer pool(s) to C:\MariaDB 10.6\data\ib_buffer_pool
2022-02-14 16:16:32 0 [Note] InnoDB: Buffer pool(s) dump completed at 220214 16:16:32
2022-02-14 16:16:32 0 [Note] InnoDB: Removed temporary tablespace data file: "./ibtmp1"
2022-02-14 16:16:32 0 [Note] InnoDB: Shutdown completed; log sequence number 3364649; transaction id 5227
2022-02-14 16:16:32 0 [Note] C:\MariaDB 10.6\bin\mysqld.exe: Shutdown complete

2022-02-14 16:17:04 0 [Note] InnoDB: Compressed tables use zlib 1.2.11
2022-02-14 16:17:04 0 [Note] InnoDB: Using transactional memory
2022-02-14 16:17:04 0 [Note] InnoDB: Number of pools: 1
2022-02-14 16:17:04 0 [Note] InnoDB: Using crc32 + pclmulqdq instructions
2022-02-14 16:17:04 0 [Note] InnoDB: Initializing buffer pool, total size = 4294967296, chunk size = 134217728
2022-02-14 16:17:04 0 [Note] InnoDB: Completed initialization of buffer pool
2022-02-14 16:17:04 0 [Note] InnoDB: 128 rollback segments are active.
2022-02-14 16:17:04 0 [Note] InnoDB: Creating shared tablespace for temporary tables
2022-02-14 16:17:04 0 [Note] InnoDB: Setting file './ibtmp1' size to 12 MB. Physically writing the file full; Please wait ...
2022-02-14 16:17:04 0 [Note] InnoDB: File './ibtmp1' size is now 12 MB.
2022-02-14 16:17:04 0 [Note] InnoDB: 10.6.5 started; log sequence number 3364649; transaction id 5228
2022-02-14 16:17:04 0 [Note] InnoDB: Loading buffer pool(s) from C:\MariaDB 10.6\data\ib_buffer_pool
2022-02-14 16:17:04 0 [Note] Plugin 'FEEDBACK' is disabled.
2022-02-14 16:17:04 0 [Note] InnoDB: Buffer pool(s) load completed at 220214 16:17:04
2022-02-14 16:17:04 0 [Note] Server socket created on IP: '::'.
2022-02-14 16:17:04 0 [Note] Server socket created on IP: '0.0.0.0'.
2022-02-14 16:17:04 0 [Note] C:\MariaDB 10.6\bin\mysqld.exe: ready for connections.
Version: '10.6.5-MariaDB'  socket: ''  port: 3306  mariadb.org binary distribution
2022-02-17 15:42:20 779 [Warning] Aborted connection 779 to db: 'unconnected' user: 'root' host: 'localhost' (Got an error reading communication packets)
2022-02-17 15:42:20 792 [Warning] Aborted connection 792 to db: 'hrpcms' user: 'root' host: 'localhost' (Got an error reading communication packets)
2022-02-17 15:42:20 782 [Warning] Aborted connection 782 to db: 'unconnected' user: 'root' host: 'localhost' (Got an error reading communication packets)
2022-02-17 15:42:20 781 [Warning] Aborted connection 781 to db: 'unconnected' user: 'root' host: 'localhost' (Got an error reading communication packets)
2022-02-17 15:42:20 793 [Warning] Aborted connection 793 to db: 'unconnected' user: 'root' host: 'localhost' (Got an error reading communication packets)
2022-02-17 15:42:20 780 [Warning] Aborted connection 780 to db: 'unconnected' user: 'root' host: 'localhost' (Got an error reading communication packets)
2022-02-17 22:10:28 0 [Note] Windows service "MariaDB":  received SERVICE_CONTROL_SHUTDOWN
2022-02-17 22:10:28 0 [Note] C:\MariaDB 10.6\bin\mysqld.exe (initiated by: unknown): Normal shutdown
2022-02-17 22:10:28 0 [Note] InnoDB: FTS optimize thread exiting.
2022-02-17 22:10:28 0 [Note] InnoDB: Starting shutdown...
2022-02-17 22:10:28 0 [Note] InnoDB: Dumping buffer pool(s) to C:\MariaDB 10.6\data\ib_buffer_pool
2022-02-17 22:10:28 0 [Note] InnoDB: Buffer pool(s) dump completed at 220217 22:10:28
2022-02-17 22:10:28 0 [Note] InnoDB: Removed temporary tablespace data file: "./ibtmp1"
2022-02-17 22:10:28 0 [Note] InnoDB: Shutdown completed; log sequence number 3903240; transaction id 5570
2022-02-17 22:10:28 0 [Note] C:\MariaDB 10.6\bin\mysqld.exe: Shutdown complete

2022-02-17 22:11:03 0 [Note] InnoDB: Compressed tables use zlib 1.2.11
2022-02-17 22:11:03 0 [Note] InnoDB: Using transactional memory
2022-02-17 22:11:03 0 [Note] InnoDB: Number of pools: 1
2022-02-17 22:11:03 0 [Note] InnoDB: Using crc32 + pclmulqdq instructions
2022-02-17 22:11:03 0 [Note] InnoDB: Initializing buffer pool, total size = 4294967296, chunk size = 134217728
2022-02-17 22:11:03 0 [Note] InnoDB: Completed initialization of buffer pool
2022-02-17 22:11:03 0 [Note] InnoDB: 128 rollback segments are active.
2022-02-17 22:11:03 0 [Note] InnoDB: Creating shared tablespace for temporary tables
2022-02-17 22:11:03 0 [Note] InnoDB: Setting file './ibtmp1' size to 12 MB. Physically writing the file full; Please wait ...
2022-02-17 22:11:03 0 [Note] InnoDB: File './ibtmp1' size is now 12 MB.
2022-02-17 22:11:03 0 [Note] InnoDB: 10.6.5 started; log sequence number 3903240; transaction id 5570
2022-02-17 22:11:03 0 [Note] InnoDB: Loading buffer pool(s) from C:\MariaDB 10.6\data\ib_buffer_pool
2022-02-17 22:11:03 0 [Note] Plugin 'FEEDBACK' is disabled.
2022-02-17 22:11:03 0 [Note] InnoDB: Buffer pool(s) load completed at 220217 22:11:03
2022-02-17 22:11:03 0 [Note] Server socket created on IP: '::'.
2022-02-17 22:11:03 0 [Note] Server socket created on IP: '0.0.0.0'.
2022-02-17 22:11:03 0 [Note] C:\MariaDB 10.6\bin\mysqld.exe: ready for connections.
Version: '10.6.5-MariaDB'  socket: ''  port: 3306  mariadb.org binary distribution
2022-02-17 23:00:43 0 [Note] Windows service "MariaDB":  received SERVICE_CONTROL_SHUTDOWN
2022-02-17 23:00:43 0 [Note] C:\MariaDB 10.6\bin\mysqld.exe (initiated by: unknown): Normal shutdown
2022-02-17 23:00:43 0 [Note] InnoDB: FTS optimize thread exiting.
2022-02-17 23:00:43 0 [Note] InnoDB: Starting shutdown...
2022-02-17 23:00:43 0 [Note] InnoDB: Dumping buffer pool(s) to C:\MariaDB 10.6\data\ib_buffer_pool
2022-02-17 23:00:43 0 [Note] InnoDB: Buffer pool(s) dump completed at 220217 23:00:43
2022-02-17 23:00:43 0 [Note] InnoDB: Removed temporary tablespace data file: "./ibtmp1"
2022-02-17 23:00:43 0 [Note] InnoDB: Shutdown completed; log sequence number 3903252; transaction id 5571
2022-02-17 23:00:43 0 [Note] C:\MariaDB 10.6\bin\mysqld.exe: Shutdown complete

2022-02-17 23:01:13 0 [Note] InnoDB: Compressed tables use zlib 1.2.11
2022-02-17 23:01:13 0 [Note] InnoDB: Using transactional memory
2022-02-17 23:01:13 0 [Note] InnoDB: Number of pools: 1
2022-02-17 23:01:13 0 [Note] InnoDB: Using crc32 + pclmulqdq instructions
2022-02-17 23:01:13 0 [Note] InnoDB: Initializing buffer pool, total size = 4294967296, chunk size = 134217728
2022-02-17 23:01:13 0 [Note] InnoDB: Completed initialization of buffer pool
2022-02-17 23:01:14 0 [Note] InnoDB: 128 rollback segments are active.
2022-02-17 23:01:14 0 [Note] InnoDB: Creating shared tablespace for temporary tables
2022-02-17 23:01:14 0 [Note] InnoDB: Setting file './ibtmp1' size to 12 MB. Physically writing the file full; Please wait ...
2022-02-17 23:01:14 0 [Note] InnoDB: File './ibtmp1' size is now 12 MB.
2022-02-17 23:01:14 0 [Note] InnoDB: 10.6.5 started; log sequence number 3903252; transaction id 5570
2022-02-17 23:01:14 0 [Note] InnoDB: Loading buffer pool(s) from C:\MariaDB 10.6\data\ib_buffer_pool
2022-02-17 23:01:14 0 [Note] Plugin 'FEEDBACK' is disabled.
2022-02-17 23:01:14 0 [Note] InnoDB: Buffer pool(s) load completed at 220217 23:01:14
2022-02-17 23:01:14 0 [Note] Server socket created on IP: '::'.
2022-02-17 23:01:14 0 [Note] Server socket created on IP: '0.0.0.0'.
2022-02-17 23:01:14 0 [Note] C:\MariaDB 10.6\bin\mysqld.exe: ready for connections.
Version: '10.6.5-MariaDB'  socket: ''  port: 3306  mariadb.org binary distribution
2022-02-18 18:18:18 0 [Note] Windows service "MariaDB":  received SERVICE_CONTROL_SHUTDOWN
2022-02-18 18:18:18 0 [Note] C:\MariaDB 10.6\bin\mysqld.exe (initiated by: unknown): Normal shutdown
2022-02-18 18:18:18 0 [Note] InnoDB: FTS optimize thread exiting.
2022-02-18 18:18:18 0 [Note] InnoDB: Starting shutdown...
2022-02-18 18:18:18 0 [Note] InnoDB: Dumping buffer pool(s) to C:\MariaDB 10.6\data\ib_buffer_pool
2022-02-18 18:18:18 0 [Note] InnoDB: Buffer pool(s) dump completed at 220218 18:18:18
2022-02-18 18:18:18 0 [Note] InnoDB: Removed temporary tablespace data file: "./ibtmp1"
2022-02-18 18:18:18 0 [Note] InnoDB: Shutdown completed; log sequence number 3903264; transaction id 5571
2022-02-18 18:18:18 0 [Note] C:\MariaDB 10.6\bin\mysqld.exe: Shutdown complete

2022-02-18 18:18:50 0 [Note] InnoDB: Compressed tables use zlib 1.2.11
2022-02-18 18:18:50 0 [Note] InnoDB: Using transactional memory
2022-02-18 18:18:50 0 [Note] InnoDB: Number of pools: 1
2022-02-18 18:18:50 0 [Note] InnoDB: Using crc32 + pclmulqdq instructions
2022-02-18 18:18:50 0 [Note] InnoDB: Initializing buffer pool, total size = 4294967296, chunk size = 134217728
2022-02-18 18:18:50 0 [Note] InnoDB: Completed initialization of buffer pool
2022-02-18 18:18:50 0 [Note] InnoDB: 128 rollback segments are active.
2022-02-18 18:18:50 0 [Note] InnoDB: Creating shared tablespace for temporary tables
2022-02-18 18:18:50 0 [Note] InnoDB: Setting file './ibtmp1' size to 12 MB. Physically writing the file full; Please wait ...
2022-02-18 18:18:50 0 [Note] InnoDB: File './ibtmp1' size is now 12 MB.
2022-02-18 18:18:50 0 [Note] InnoDB: 10.6.5 started; log sequence number 3903264; transaction id 5570
2022-02-18 18:18:50 0 [Note] InnoDB: Loading buffer pool(s) from C:\MariaDB 10.6\data\ib_buffer_pool
2022-02-18 18:18:50 0 [Note] Plugin 'FEEDBACK' is disabled.
2022-02-18 18:18:50 0 [Note] InnoDB: Buffer pool(s) load completed at 220218 18:18:50
2022-02-18 18:18:50 0 [Note] Server socket created on IP: '::'.
2022-02-18 18:18:50 0 [Note] Server socket created on IP: '0.0.0.0'.
2022-02-18 18:18:50 0 [Note] C:\MariaDB 10.6\bin\mysqld.exe: ready for connections.
Version: '10.6.5-MariaDB'  socket: ''  port: 3306  mariadb.org binary distribution
2022-02-20 22:31:57 0 [Note] Windows service "MariaDB":  received SERVICE_CONTROL_SHUTDOWN
2022-02-20 22:31:57 0 [Note] C:\MariaDB 10.6\bin\mysqld.exe (initiated by: unknown): Normal shutdown
2022-02-20 22:31:57 0 [Note] InnoDB: FTS optimize thread exiting.
2022-02-20 22:31:57 0 [Note] InnoDB: Starting shutdown...
2022-02-20 22:31:57 0 [Note] InnoDB: Dumping buffer pool(s) to C:\MariaDB 10.6\data\ib_buffer_pool
2022-02-20 22:31:57 0 [Note] InnoDB: Buffer pool(s) dump completed at 220220 22:31:57
2022-02-20 22:31:57 0 [Note] InnoDB: Removed temporary tablespace data file: "./ibtmp1"
2022-02-20 22:31:57 0 [Note] InnoDB: Shutdown completed; log sequence number 3903276; transaction id 5571
2022-02-20 22:31:57 0 [Note] C:\MariaDB 10.6\bin\mysqld.exe: Shutdown complete

2022-02-20 22:32:28 0 [Note] InnoDB: Compressed tables use zlib 1.2.11
2022-02-20 22:32:28 0 [Note] InnoDB: Using transactional memory
2022-02-20 22:32:28 0 [Note] InnoDB: Number of pools: 1
2022-02-20 22:32:28 0 [Note] InnoDB: Using crc32 + pclmulqdq instructions
2022-02-20 22:32:28 0 [Note] InnoDB: Initializing buffer pool, total size = 4294967296, chunk size = 134217728
2022-02-20 22:32:28 0 [Note] InnoDB: Completed initialization of buffer pool
2022-02-20 22:32:28 0 [Note] InnoDB: 128 rollback segments are active.
2022-02-20 22:32:28 0 [Note] InnoDB: Creating shared tablespace for temporary tables
2022-02-20 22:32:28 0 [Note] InnoDB: Setting file './ibtmp1' size to 12 MB. Physically writing the file full; Please wait ...
2022-02-20 22:32:28 0 [Note] InnoDB: File './ibtmp1' size is now 12 MB.
2022-02-20 22:32:28 0 [Note] InnoDB: 10.6.5 started; log sequence number 3903276; transaction id 5570
2022-02-20 22:32:28 0 [Note] Plugin 'FEEDBACK' is disabled.
2022-02-20 22:32:28 0 [Note] InnoDB: Loading buffer pool(s) from C:\MariaDB 10.6\data\ib_buffer_pool
2022-02-20 22:32:28 0 [Note] InnoDB: Buffer pool(s) load completed at 220220 22:32:28
2022-02-20 22:32:28 0 [Note] Server socket created on IP: '::'.
2022-02-20 22:32:28 0 [Note] Server socket created on IP: '0.0.0.0'.
2022-02-20 22:32:28 0 [Note] C:\MariaDB 10.6\bin\mysqld.exe: ready for connections.
Version: '10.6.5-MariaDB'  socket: ''  port: 3306  mariadb.org binary distribution
2022-02-22 11:15:56 3 [Warning] Access denied for user 'root'@'localhost' (using password: NO)
2022-02-22 22:00:55 100 [Warning] Aborted connection 100 to db: 'testdb' user: 'root' host: 'localhost' (Got timeout reading communication packets)
2022-02-23  0:39:22 0 [Note] Windows service "MariaDB":  received SERVICE_CONTROL_SHUTDOWN
2022-02-23  0:39:22 0 [Note] C:\MariaDB 10.6\bin\mysqld.exe (initiated by: unknown): Normal shutdown
2022-02-23  0:39:22 0 [Note] InnoDB: FTS optimize thread exiting.
2022-02-23  0:39:22 0 [Note] InnoDB: Starting shutdown...
2022-02-23  0:39:22 0 [Note] InnoDB: Dumping buffer pool(s) to C:\MariaDB 10.6\data\ib_buffer_pool
2022-02-23  0:39:22 0 [Note] InnoDB: Buffer pool(s) dump completed at 220223  0:39:22
2022-02-23  0:39:22 0 [Note] InnoDB: Removed temporary tablespace data file: "./ibtmp1"
2022-02-23  0:39:22 0 [Note] InnoDB: Shutdown completed; log sequence number 3922616; transaction id 5619
2022-02-23  0:39:22 0 [Note] C:\MariaDB 10.6\bin\mysqld.exe: Shutdown complete

2022-02-23  0:39:53 0 [Note] InnoDB: Compressed tables use zlib 1.2.11
2022-02-23  0:39:53 0 [Note] InnoDB: Using transactional memory
2022-02-23  0:39:53 0 [Note] InnoDB: Number of pools: 1
2022-02-23  0:39:53 0 [Note] InnoDB: Using crc32 + pclmulqdq instructions
2022-02-23  0:39:53 0 [Note] InnoDB: Initializing buffer pool, total size = 4294967296, chunk size = 134217728
2022-02-23  0:39:53 0 [Note] InnoDB: Completed initialization of buffer pool
2022-02-23  0:39:53 0 [Note] InnoDB: 128 rollback segments are active.
2022-02-23  0:39:53 0 [Note] InnoDB: Creating shared tablespace for temporary tables
2022-02-23  0:39:53 0 [Note] InnoDB: Setting file './ibtmp1' size to 12 MB. Physically writing the file full; Please wait ...
2022-02-23  0:39:53 0 [Note] InnoDB: File './ibtmp1' size is now 12 MB.
2022-02-23  0:39:53 0 [Note] InnoDB: 10.6.5 started; log sequence number 3922616; transaction id 5620
2022-02-23  0:39:53 0 [Note] InnoDB: Loading buffer pool(s) from C:\MariaDB 10.6\data\ib_buffer_pool
2022-02-23  0:39:53 0 [Note] Plugin 'FEEDBACK' is disabled.
2022-02-23  0:39:53 0 [Note] InnoDB: Buffer pool(s) load completed at 220223  0:39:53
2022-02-23  0:39:53 0 [Note] Server socket created on IP: '::'.
2022-02-23  0:39:53 0 [Note] Server socket created on IP: '0.0.0.0'.
2022-02-23  0:39:53 0 [Note] C:\MariaDB 10.6\bin\mysqld.exe: ready for connections.
Version: '10.6.5-MariaDB'  socket: ''  port: 3306  mariadb.org binary distribution
2022-02-23  9:19:53 0 [Note] Windows service "MariaDB":  received SERVICE_CONTROL_SHUTDOWN
2022-02-23  9:19:53 0 [Note] C:\MariaDB 10.6\bin\mysqld.exe (initiated by: unknown): Normal shutdown
2022-02-23  9:19:53 0 [Note] InnoDB: FTS optimize thread exiting.
2022-02-23  9:19:53 0 [Note] InnoDB: Starting shutdown...
2022-02-23  9:19:53 0 [Note] InnoDB: Dumping buffer pool(s) to C:\MariaDB 10.6\data\ib_buffer_pool
2022-02-23  9:19:53 0 [Note] InnoDB: Buffer pool(s) dump completed at 220223  9:19:53
2022-02-23  9:19:53 0 [Note] InnoDB: Removed temporary tablespace data file: "./ibtmp1"
2022-02-23  9:19:53 0 [Note] InnoDB: Shutdown completed; log sequence number 3922628; transaction id 5621
2022-02-23  9:19:53 0 [Note] C:\MariaDB 10.6\bin\mysqld.exe: Shutdown complete

2022-02-23  9:20:23 0 [Note] InnoDB: Compressed tables use zlib 1.2.11
2022-02-23  9:20:23 0 [Note] InnoDB: Using transactional memory
2022-02-23  9:20:23 0 [Note] InnoDB: Number of pools: 1
2022-02-23  9:20:23 0 [Note] InnoDB: Using crc32 + pclmulqdq instructions
2022-02-23  9:20:23 0 [Note] InnoDB: Initializing buffer pool, total size = 4294967296, chunk size = 134217728
2022-02-23  9:20:23 0 [Note] InnoDB: Completed initialization of buffer pool
2022-02-23  9:20:23 0 [Note] InnoDB: 128 rollback segments are active.
2022-02-23  9:20:23 0 [Note] InnoDB: Creating shared tablespace for temporary tables
2022-02-23  9:20:23 0 [Note] InnoDB: Setting file './ibtmp1' size to 12 MB. Physically writing the file full; Please wait ...
2022-02-23  9:20:23 0 [Note] InnoDB: File './ibtmp1' size is now 12 MB.
2022-02-23  9:20:23 0 [Note] InnoDB: 10.6.5 started; log sequence number 3922628; transaction id 5620
2022-02-23  9:20:23 0 [Note] InnoDB: Loading buffer pool(s) from C:\MariaDB 10.6\data\ib_buffer_pool
2022-02-23  9:20:23 0 [Note] Plugin 'FEEDBACK' is disabled.
2022-02-23  9:20:23 0 [Note] InnoDB: Buffer pool(s) load completed at 220223  9:20:23
2022-02-23  9:20:23 0 [Note] Server socket created on IP: '::'.
2022-02-23  9:20:23 0 [Note] Server socket created on IP: '0.0.0.0'.
2022-02-23  9:20:24 0 [Note] C:\MariaDB 10.6\bin\mysqld.exe: ready for connections.
Version: '10.6.5-MariaDB'  socket: ''  port: 3306  mariadb.org binary distribution
2022-02-23 13:45:34 244 [Warning] Aborted connection 244 to db: 'testdb' user: 'root' host: 'localhost' (Got an error reading communication packets)
2022-02-23 13:45:34 248 [Warning] Aborted connection 248 to db: 'testdb' user: 'root' host: 'localhost' (Got an error reading communication packets)
2022-02-23 13:45:34 245 [Warning] Aborted connection 245 to db: 'testdb' user: 'root' host: 'localhost' (Got an error reading communication packets)
2022-02-23 13:45:34 246 [Warning] Aborted connection 246 to db: 'testdb' user: 'root' host: 'localhost' (Got an error reading communication packets)
2022-02-23 13:45:34 253 [Warning] Aborted connection 253 to db: 'testdb' user: 'root' host: 'localhost' (Got an error reading communication packets)
2022-02-23 13:45:34 251 [Warning] Aborted connection 251 to db: 'testdb' user: 'root' host: 'localhost' (Got an error reading communication packets)
2022-02-23 13:45:34 252 [Warning] Aborted connection 252 to db: 'testdb' user: 'root' host: 'localhost' (Got an error reading communication packets)
2022-02-23 13:45:34 250 [Warning] Aborted connection 250 to db: 'testdb' user: 'root' host: 'localhost' (Got an error reading communication packets)
2022-02-23 13:45:34 249 [Warning] Aborted connection 249 to db: 'testdb' user: 'root' host: 'localhost' (Got an error reading communication packets)
2022-02-23 13:45:34 247 [Warning] Aborted connection 247 to db: 'testdb' user: 'root' host: 'localhost' (Got an error reading communication packets)
2022-02-23 13:46:49 258 [Warning] Aborted connection 258 to db: 'testdb' user: 'root' host: 'localhost' (Got an error reading communication packets)
2022-02-23 13:46:49 254 [Warning] Aborted connection 254 to db: 'testdb' user: 'root' host: 'localhost' (Got an error reading communication packets)
2022-02-23 13:46:49 255 [Warning] Aborted connection 255 to db: 'testdb' user: 'root' host: 'localhost' (Got an error reading communication packets)
2022-02-23 13:46:49 256 [Warning] Aborted connection 256 to db: 'testdb' user: 'root' host: 'localhost' (Got an error reading communication packets)
2022-02-23 13:46:49 257 [Warning] Aborted connection 257 to db: 'testdb' user: 'root' host: 'localhost' (Got an error reading communication packets)
2022-02-23 13:46:49 259 [Warning] Aborted connection 259 to db: 'testdb' user: 'root' host: 'localhost' (Got an error reading communication packets)
2022-02-23 13:46:49 260 [Warning] Aborted connection 260 to db: 'testdb' user: 'root' host: 'localhost' (Got an error reading communication packets)
2022-02-23 13:46:49 263 [Warning] Aborted connection 263 to db: 'testdb' user: 'root' host: 'localhost' (Got an error reading communication packets)
2022-02-23 13:46:49 262 [Warning] Aborted connection 262 to db: 'testdb' user: 'root' host: 'localhost' (Got an error reading communication packets)
2022-02-23 13:46:49 261 [Warning] Aborted connection 261 to db: 'testdb' user: 'root' host: 'localhost' (Got an error reading communication packets)
2022-02-23 15:56:53 477 [Warning] Access denied for user 'root'@'localhost' (using password: NO)
2022-02-23 15:57:02 479 [Warning] Access denied for user 'root'@'localhost' (using password: NO)
2022-02-23 23:39:44 404 [Warning] Aborted connection 404 to db: 'unconnected' user: 'root' host: 'localhost' (Got timeout reading communication packets)
2022-02-23 23:57:28 480 [Warning] Aborted connection 480 to db: 'mydb' user: 'root' host: 'localhost' (Got timeout reading communication packets)
2022-02-24  0:29:42 53 [Warning] Aborted connection 53 to db: 'mydb' user: 'root' host: 'localhost' (Got timeout reading communication packets)
2022-02-24  9:39:30 1169 [Warning] Aborted connection 1169 to db: 'mydb' user: 'root' host: 'localhost' (Got an error reading communication packets)
2022-02-24  9:46:04 1903 [Warning] Aborted connection 1903 to db: 'testdb' user: 'root' host: 'localhost' (Got an error reading communication packets)
2022-02-24  9:46:04 1912 [Warning] Aborted connection 1912 to db: 'testdb' user: 'root' host: 'localhost' (Got an error reading communication packets)
2022-02-24  9:46:04 1918 [Warning] Aborted connection 1918 to db: 'testdb' user: 'root' host: 'localhost' (Got an error reading communication packets)
2022-02-24  9:46:04 1911 [Warning] Aborted connection 1911 to db: 'testdb' user: 'root' host: 'localhost' (Got an error reading communication packets)
2022-02-24  9:46:04 1909 [Warning] Aborted connection 1909 to db: 'testdb' user: 'root' host: 'localhost' (Got an error reading communication packets)
2022-02-24  9:46:04 1928 [Warning] Aborted connection 1928 to db: 'testdb' user: 'root' host: 'localhost' (Got an error reading communication packets)
2022-02-24  9:46:04 1940 [Warning] Aborted connection 1940 to db: 'testdb' user: 'root' host: 'localhost' (Got an error reading communication packets)
2022-02-24  9:46:04 1932 [Warning] Aborted connection 1932 to db: 'testdb' user: 'root' host: 'localhost' (Got an error reading communication packets)
2022-02-24  9:46:04 1933 [Warning] Aborted connection 1933 to db: 'testdb' user: 'root' host: 'localhost' (Got an error reading communication packets)
2022-02-24  9:46:04 1931 [Warning] Aborted connection 1931 to db: 'testdb' user: 'root' host: 'localhost' (Got an error reading communication packets)
2022-02-24  9:46:04 1936 [Warning] Aborted connection 1936 to db: 'testdb' user: 'root' host: 'localhost' (Got an error reading communication packets)
2022-02-24  9:46:04 1915 [Warning] Aborted connection 1915 to db: 'testdb' user: 'root' host: 'localhost' (Got an error reading communication packets)
2022-02-24  9:46:04 1941 [Warning] Aborted connection 1941 to db: 'testdb' user: 'root' host: 'localhost' (Got an error reading communication packets)
2022-02-24  9:46:04 1929 [Warning] Aborted connection 1929 to db: 'testdb' user: 'root' host: 'localhost' (Got an error reading communication packets)
2022-02-24  9:46:04 1934 [Warning] Aborted connection 1934 to db: 'testdb' user: 'root' host: 'localhost' (Got an error reading communication packets)
2022-02-24  9:46:04 1946 [Warning] Aborted connection 1946 to db: 'testdb' user: 'root' host: 'localhost' (Got an error reading communication packets)
2022-02-24  9:46:04 1938 [Warning] Aborted connection 1938 to db: 'testdb' user: 'root' host: 'localhost' (Got an error reading communication packets)
2022-02-24  9:46:04 1935 [Warning] Aborted connection 1935 to db: 'testdb' user: 'root' host: 'localhost' (Got an error reading communication packets)
2022-02-24  9:46:04 1937 [Warning] Aborted connection 1937 to db: 'testdb' user: 'root' host: 'localhost' (Got an error reading communication packets)
2022-02-24  9:46:04 1939 [Warning] Aborted connection 1939 to db: 'testdb' user: 'root' host: 'localhost' (Got an error reading communication packets)
2022-02-24  9:46:14 1906 [Warning] Aborted connection 1906 to db: 'testdb' user: 'root' host: 'localhost' (Got an error reading communication packets)
2022-02-24  9:46:14 1924 [Warning] Aborted connection 1924 to db: 'testdb' user: 'root' host: 'localhost' (Got an error reading communication packets)
2022-02-24  9:46:14 1920 [Warning] Aborted connection 1920 to db: 'testdb' user: 'root' host: 'localhost' (Got an error reading communication packets)
2022-02-24  9:46:14 1930 [Warning] Aborted connection 1930 to db: 'testdb' user: 'root' host: 'localhost' (Got an error reading communication packets)
2022-02-24  9:46:14 1926 [Warning] Aborted connection 1926 to db: 'testdb' user: 'root' host: 'localhost' (Got an error reading communication packets)
2022-02-24  9:46:14 1907 [Warning] Aborted connection 1907 to db: 'testdb' user: 'root' host: 'localhost' (Got an error reading communication packets)
2022-02-24  9:46:14 1917 [Warning] Aborted connection 1917 to db: 'testdb' user: 'root' host: 'localhost' (Got an error reading communication packets)
2022-02-24  9:46:14 1914 [Warning] Aborted connection 1914 to db: 'testdb' user: 'root' host: 'localhost' (Got an error reading communication packets)
2022-02-24  9:46:14 1921 [Warning] Aborted connection 1921 to db: 'testdb' user: 'root' host: 'localhost' (Got an error reading communication packets)
2022-02-24  9:46:14 1919 [Warning] Aborted connection 1919 to db: 'testdb' user: 'root' host: 'localhost' (Got an error reading communication packets)
2022-02-24  9:46:14 1925 [Warning] Aborted connection 1925 to db: 'testdb' user: 'root' host: 'localhost' (Got an error reading communication packets)
2022-02-24  9:46:14 1904 [Warning] Aborted connection 1904 to db: 'testdb' user: 'root' host: 'localhost' (Got an error reading communication packets)
2022-02-24  9:46:14 1913 [Warning] Aborted connection 1913 to db: 'testdb' user: 'root' host: 'localhost' (Got an error reading communication packets)
2022-02-24  9:46:14 1927 [Warning] Aborted connection 1927 to db: 'testdb' user: 'root' host: 'localhost' (Got an error reading communication packets)
2022-02-24  9:46:14 1916 [Warning] Aborted connection 1916 to db: 'testdb' user: 'root' host: 'localhost' (Got an error reading communication packets)
2022-02-24  9:46:14 1910 [Warning] Aborted connection 1910 to db: 'testdb' user: 'root' host: 'localhost' (Got an error reading communication packets)
2022-02-24  9:46:14 1905 [Warning] Aborted connection 1905 to db: 'testdb' user: 'root' host: 'localhost' (Got an error reading communication packets)
2022-02-24  9:46:14 1922 [Warning] Aborted connection 1922 to db: 'testdb' user: 'root' host: 'localhost' (Got an error reading communication packets)
2022-02-24  9:46:14 1908 [Warning] Aborted connection 1908 to db: 'testdb' user: 'root' host: 'localhost' (Got an error reading communication packets)
2022-02-24  9:46:14 1923 [Warning] Aborted connection 1923 to db: 'testdb' user: 'root' host: 'localhost' (Got an error reading communication packets)
2022-02-24  9:46:14 1890 [Warning] Aborted connection 1890 to db: 'mydb' user: 'root' host: 'localhost' (Got an error reading communication packets)
2022-02-24  9:46:14 1895 [Warning] Aborted connection 1895 to db: 'testdb' user: 'root' host: 'localhost' (Got an error reading communication packets)
2022-02-24  9:46:14 1901 [Warning] Aborted connection 1901 to db: 'mydb' user: 'root' host: 'localhost' (Got an error reading communication packets)
2022-02-24  9:46:14 1891 [Warning] Aborted connection 1891 to db: 'testdb' user: 'root' host: 'localhost' (Got an error reading communication packets)
2022-02-24  9:46:20 0 [Note] Windows service "MariaDB":  received SERVICE_CONTROL_SHUTDOWN
2022-02-24  9:46:20 0 [Note] C:\MariaDB 10.6\bin\mysqld.exe (initiated by: unknown): Normal shutdown
2022-02-24  9:46:20 0 [Note] InnoDB: FTS optimize thread exiting.
2022-02-24  9:46:20 0 [Note] InnoDB: Starting shutdown...
2022-02-24  9:46:20 0 [Note] InnoDB: Dumping buffer pool(s) to C:\MariaDB 10.6\data\ib_buffer_pool
2022-02-24  9:46:20 0 [Note] InnoDB: Buffer pool(s) dump completed at 220224  9:46:20
2022-02-24  9:46:21 0 [Note] InnoDB: Removed temporary tablespace data file: "./ibtmp1"
2022-02-24  9:46:21 0 [Note] InnoDB: Shutdown completed; log sequence number 3975967; transaction id 5728
2022-02-24  9:46:21 0 [Note] C:\MariaDB 10.6\bin\mysqld.exe: Shutdown complete

2022-02-24  9:46:51 0 [Note] InnoDB: Compressed tables use zlib 1.2.11
2022-02-24  9:46:51 0 [Note] InnoDB: Using transactional memory
2022-02-24  9:46:51 0 [Note] InnoDB: Number of pools: 1
2022-02-24  9:46:51 0 [Note] InnoDB: Using crc32 + pclmulqdq instructions
2022-02-24  9:46:51 0 [Note] InnoDB: Initializing buffer pool, total size = 4294967296, chunk size = 134217728
2022-02-24  9:46:51 0 [Note] InnoDB: Completed initialization of buffer pool
2022-02-24  9:46:51 0 [Note] InnoDB: 128 rollback segments are active.
2022-02-24  9:46:51 0 [Note] InnoDB: Creating shared tablespace for temporary tables
2022-02-24  9:46:51 0 [Note] InnoDB: Setting file './ibtmp1' size to 12 MB. Physically writing the file full; Please wait ...
2022-02-24  9:46:51 0 [Note] InnoDB: File './ibtmp1' size is now 12 MB.
2022-02-24  9:46:51 0 [Note] InnoDB: 10.6.5 started; log sequence number 3975967; transaction id 5729
2022-02-24  9:46:51 0 [Note] InnoDB: Loading buffer pool(s) from C:\MariaDB 10.6\data\ib_buffer_pool
2022-02-24  9:46:51 0 [Note] Plugin 'FEEDBACK' is disabled.
2022-02-24  9:46:51 0 [Note] InnoDB: Buffer pool(s) load completed at 220224  9:46:51
2022-02-24  9:46:51 0 [Note] Server socket created on IP: '::'.
2022-02-24  9:46:51 0 [Note] Server socket created on IP: '0.0.0.0'.
2022-02-24  9:46:51 0 [Note] C:\MariaDB 10.6\bin\mysqld.exe: ready for connections.
Version: '10.6.5-MariaDB'  socket: ''  port: 3306  mariadb.org binary distribution
2022-02-24 11:04:31 0 [Note] Windows service "MariaDB":  received SERVICE_CONTROL_SHUTDOWN
2022-02-24 11:04:31 0 [Note] C:\MariaDB 10.6\bin\mysqld.exe (initiated by: unknown): Normal shutdown
2022-02-24 11:04:31 0 [Note] InnoDB: FTS optimize thread exiting.
2022-02-24 11:04:31 0 [Note] InnoDB: Starting shutdown...
2022-02-24 11:04:31 0 [Note] InnoDB: Dumping buffer pool(s) to C:\MariaDB 10.6\data\ib_buffer_pool
2022-02-24 11:04:31 0 [Note] InnoDB: Buffer pool(s) dump completed at 220224 11:04:31
2022-02-24 11:04:31 0 [Note] InnoDB: Removed temporary tablespace data file: "./ibtmp1"
2022-02-24 11:04:31 0 [Note] InnoDB: Shutdown completed; log sequence number 3975979; transaction id 5731
2022-02-24 11:04:31 0 [Note] C:\MariaDB 10.6\bin\mysqld.exe: Shutdown complete

2022-02-24 11:05:02 0 [Note] InnoDB: Compressed tables use zlib 1.2.11
2022-02-24 11:05:02 0 [Note] InnoDB: Using transactional memory
2022-02-24 11:05:02 0 [Note] InnoDB: Number of pools: 1
2022-02-24 11:05:02 0 [Note] InnoDB: Using crc32 + pclmulqdq instructions
2022-02-24 11:05:02 0 [Note] InnoDB: Initializing buffer pool, total size = 4294967296, chunk size = 134217728
2022-02-24 11:05:02 0 [Note] InnoDB: Completed initialization of buffer pool
2022-02-24 11:05:02 0 [Note] InnoDB: 128 rollback segments are active.
2022-02-24 11:05:02 0 [Note] InnoDB: Creating shared tablespace for temporary tables
2022-02-24 11:05:02 0 [Note] InnoDB: Setting file './ibtmp1' size to 12 MB. Physically writing the file full; Please wait ...
2022-02-24 11:05:02 0 [Note] InnoDB: File './ibtmp1' size is now 12 MB.
2022-02-24 11:05:02 0 [Note] InnoDB: 10.6.5 started; log sequence number 3975979; transaction id 5729
2022-02-24 11:05:02 0 [Note] InnoDB: Loading buffer pool(s) from C:\MariaDB 10.6\data\ib_buffer_pool
2022-02-24 11:05:02 0 [Note] Plugin 'FEEDBACK' is disabled.
2022-02-24 11:05:02 0 [Note] InnoDB: Buffer pool(s) load completed at 220224 11:05:02
2022-02-24 11:05:02 0 [Note] Server socket created on IP: '::'.
2022-02-24 11:05:02 0 [Note] Server socket created on IP: '0.0.0.0'.
2022-02-24 11:05:02 0 [Note] C:\MariaDB 10.6\bin\mysqld.exe: ready for connections.
Version: '10.6.5-MariaDB'  socket: ''  port: 3306  mariadb.org binary distribution
2022-02-24 12:00:56 14 [Warning] Aborted connection 14 to db: 'mydb' user: 'root' host: 'localhost' (Got an error reading communication packets)
2022-02-25  7:31:52 460 [Warning] Aborted connection 460 to db: 'testdb' user: 'root' host: 'localhost' (Got timeout reading communication packets)
2022-02-25  7:32:49 20 [Warning] Aborted connection 20 to db: 'mydb' user: 'root' host: 'localhost' (Got timeout reading communication packets)
2022-02-25 11:09:06 26 [Warning] Aborted connection 26 to db: 'mydb' user: 'root' host: 'localhost' (Got an error reading communication packets)
2022-02-25 20:21:53 1115 [Warning] Aborted connection 1115 to db: 'testdb' user: 'root' host: 'localhost' (Got timeout reading communication packets)
2022-02-25 20:27:50 930 [Warning] Aborted connection 930 to db: 'testdb' user: 'root' host: 'localhost' (Got timeout reading communication packets)
2022-02-25 21:01:53 1174 [Warning] Aborted connection 1174 to db: 'mydb' user: 'root' host: 'localhost' (Got timeout reading communication packets)
2022-02-26 13:19:49 2720 [Warning] Aborted connection 2720 to db: 'mydb' user: 'root' host: 'localhost' (Got an error reading communication packets)
2022-02-26 13:19:49 2706 [Warning] Aborted connection 2706 to db: 'mydb' user: 'root' host: 'localhost' (Got an error reading communication packets)
2022-02-26 13:19:49 2714 [Warning] Aborted connection 2714 to db: 'mydb' user: 'root' host: 'localhost' (Got an error reading communication packets)
2022-02-26 13:19:49 2711 [Warning] Aborted connection 2711 to db: 'mydb' user: 'root' host: 'localhost' (Got an error reading communication packets)
2022-02-26 13:19:49 2709 [Warning] Aborted connection 2709 to db: 'mydb' user: 'root' host: 'localhost' (Got an error reading communication packets)
2022-02-26 13:19:49 2721 [Warning] Aborted connection 2721 to db: 'mydb' user: 'root' host: 'localhost' (Got an error reading communication packets)
2022-02-26 13:19:49 2708 [Warning] Aborted connection 2708 to db: 'mydb' user: 'root' host: 'localhost' (Got an error reading communication packets)
2022-02-26 13:19:49 2716 [Warning] Aborted connection 2716 to db: 'mydb' user: 'root' host: 'localhost' (Got an error reading communication packets)
2022-02-26 13:19:49 2717 [Warning] Aborted connection 2717 to db: 'mydb' user: 'root' host: 'localhost' (Got an error reading communication packets)
2022-02-26 13:19:49 2707 [Warning] Aborted connection 2707 to db: 'mydb' user: 'root' host: 'localhost' (Got an error reading communication packets)
2022-02-26 13:19:49 2712 [Warning] Aborted connection 2712 to db: 'mydb' user: 'root' host: 'localhost' (Got an error reading communication packets)
2022-02-26 13:19:49 2705 [Warning] Aborted connection 2705 to db: 'mydb' user: 'root' host: 'localhost' (Got an error reading communication packets)
2022-02-26 13:19:49 2722 [Warning] Aborted connection 2722 to db: 'mydb' user: 'root' host: 'localhost' (Got an error reading communication packets)
2022-02-26 13:19:49 2718 [Warning] Aborted connection 2718 to db: 'mydb' user: 'root' host: 'localhost' (Got an error reading communication packets)
2022-02-26 13:19:49 2703 [Warning] Aborted connection 2703 to db: 'mydb' user: 'root' host: 'localhost' (Got an error reading communication packets)
2022-02-26 13:19:49 2715 [Warning] Aborted connection 2715 to db: 'mydb' user: 'root' host: 'localhost' (Got an error reading communication packets)
2022-02-26 13:19:49 2713 [Warning] Aborted connection 2713 to db: 'mydb' user: 'root' host: 'localhost' (Got an error reading communication packets)
2022-02-26 13:19:49 2719 [Warning] Aborted connection 2719 to db: 'mydb' user: 'root' host: 'localhost' (Got an error reading communication packets)
2022-02-26 13:19:49 2710 [Warning] Aborted connection 2710 to db: 'mydb' user: 'root' host: 'localhost' (Got an error reading communication packets)
2022-02-26 13:19:49 2704 [Warning] Aborted connection 2704 to db: 'mydb' user: 'root' host: 'localhost' (Got an error reading communication packets)
2022-02-26 13:19:56 1158 [Warning] Aborted connection 1158 to db: 'mydb' user: 'root' host: 'localhost' (Got an error reading communication packets)
2022-02-26 13:19:56 1155 [Warning] Aborted connection 1155 to db: 'mydb' user: 'root' host: 'localhost' (Got an error reading communication packets)
2022-02-26 13:19:56 2726 [Warning] Aborted connection 2726 to db: 'mydb' user: 'root' host: 'localhost' (Got an error reading communication packets)
2022-02-26 13:19:56 2731 [Warning] Aborted connection 2731 to db: 'mydb' user: 'root' host: 'localhost' (Got an error reading communication packets)
2022-02-26 13:19:56 2723 [Warning] Aborted connection 2723 to db: 'mydb' user: 'root' host: 'localhost' (Got an error reading communication packets)
2022-02-26 13:19:56 2729 [Warning] Aborted connection 2729 to db: 'mydb' user: 'root' host: 'localhost' (Got an error reading communication packets)
2022-02-26 13:19:56 2724 [Warning] Aborted connection 2724 to db: 'mydb' user: 'root' host: 'localhost' (Got an error reading communication packets)
2022-02-26 13:19:56 2727 [Warning] Aborted connection 2727 to db: 'mydb' user: 'root' host: 'localhost' (Got an error reading communication packets)
2022-02-26 13:19:56 2730 [Warning] Aborted connection 2730 to db: 'mydb' user: 'root' host: 'localhost' (Got an error reading communication packets)
2022-02-26 13:19:56 2725 [Warning] Aborted connection 2725 to db: 'mydb' user: 'root' host: 'localhost' (Got an error reading communication packets)
2022-02-26 13:19:56 2728 [Warning] Aborted connection 2728 to db: 'mydb' user: 'root' host: 'localhost' (Got an error reading communication packets)
2022-02-26 13:19:56 2732 [Warning] Aborted connection 2732 to db: 'mydb' user: 'root' host: 'localhost' (Got an error reading communication packets)
2022-02-26 14:09:22 2733 [Warning] Access denied for user 'root'@'localhost' (using password: NO)
2022-02-26 19:24:34 0 [Note] Windows service "MariaDB":  received SERVICE_CONTROL_SHUTDOWN
2022-02-26 19:24:34 0 [Note] C:\MariaDB 10.6\bin\mysqld.exe (initiated by: unknown): Normal shutdown
2022-02-26 19:24:34 0 [Note] InnoDB: FTS optimize thread exiting.
2022-02-26 19:24:34 0 [Note] InnoDB: Starting shutdown...
2022-02-26 19:24:34 0 [Note] InnoDB: Dumping buffer pool(s) to C:\MariaDB 10.6\data\ib_buffer_pool
2022-02-26 19:24:34 0 [Note] InnoDB: Buffer pool(s) dump completed at 220226 19:24:34
2022-02-26 19:24:35 0 [Note] InnoDB: Removed temporary tablespace data file: "./ibtmp1"
2022-02-26 19:24:35 0 [Note] InnoDB: Shutdown completed; log sequence number 4290991; transaction id 6075
2022-02-26 19:24:35 0 [Note] C:\MariaDB 10.6\bin\mysqld.exe: Shutdown complete

2022-02-26 19:25:08 0 [Note] InnoDB: Compressed tables use zlib 1.2.11
2022-02-26 19:25:08 0 [Note] InnoDB: Using transactional memory
2022-02-26 19:25:08 0 [Note] InnoDB: Number of pools: 1
2022-02-26 19:25:08 0 [Note] InnoDB: Using crc32 + pclmulqdq instructions
2022-02-26 19:25:08 0 [Note] InnoDB: Initializing buffer pool, total size = 4294967296, chunk size = 134217728
2022-02-26 19:25:08 0 [Note] InnoDB: Completed initialization of buffer pool
2022-02-26 19:25:08 0 [Note] InnoDB: 128 rollback segments are active.
2022-02-26 19:25:08 0 [Note] InnoDB: Creating shared tablespace for temporary tables
2022-02-26 19:25:08 0 [Note] InnoDB: Setting file './ibtmp1' size to 12 MB. Physically writing the file full; Please wait ...
2022-02-26 19:25:08 0 [Note] InnoDB: File './ibtmp1' size is now 12 MB.
2022-02-26 19:25:08 0 [Note] InnoDB: 10.6.5 started; log sequence number 4290991; transaction id 6076
2022-02-26 19:25:08 0 [Note] InnoDB: Loading buffer pool(s) from C:\MariaDB 10.6\data\ib_buffer_pool
2022-02-26 19:25:08 0 [Note] Plugin 'FEEDBACK' is disabled.
2022-02-26 19:25:08 0 [Note] Server socket created on IP: '::'.
2022-02-26 19:25:08 0 [Note] Server socket created on IP: '0.0.0.0'.
2022-02-26 19:25:08 0 [Note] InnoDB: Buffer pool(s) load completed at 220226 19:25:08
2022-02-26 19:25:08 0 [Note] C:\MariaDB 10.6\bin\mysqld.exe: ready for connections.
Version: '10.6.5-MariaDB'  socket: ''  port: 3306  mariadb.org binary distribution
2022-02-27 11:37:50 0 [Note] Windows service "MariaDB":  received SERVICE_CONTROL_STOP
2022-02-27 11:37:50 0 [Note] C:\MariaDB 10.6\bin\mysqld.exe (initiated by: unknown): Normal shutdown
2022-02-27 11:37:50 0 [Note] InnoDB: FTS optimize thread exiting.
2022-02-27 11:37:50 0 [Note] InnoDB: Starting shutdown...
2022-02-27 11:37:50 0 [Note] InnoDB: Dumping buffer pool(s) to C:\MariaDB 10.6\data\ib_buffer_pool
2022-02-27 11:37:50 0 [Note] InnoDB: Buffer pool(s) dump completed at 220227 11:37:50
2022-02-27 11:37:51 0 [Note] InnoDB: Removed temporary tablespace data file: "./ibtmp1"
2022-02-27 11:37:51 0 [Note] InnoDB: Shutdown completed; log sequence number 4291003; transaction id 6077
2022-02-27 11:37:51 0 [Note] C:\MariaDB 10.6\bin\mysqld.exe: Shutdown complete

